d:\c++\cherno\hazel\hazel\x64\debug\hazel.pdb
d:\c++\cherno\hazel\hazel\x64\debug\hazel.idb
d:\c++\cherno\hazel\hazel\x64\debug\abbirb120.obj
d:\c++\cherno\hazel\hazel\x64\debug\texture.obj
d:\c++\cherno\hazel\hazel\x64\debug\skybox.obj
d:\c++\cherno\hazel\hazel\x64\debug\shader.obj
d:\c++\cherno\hazel\hazel\x64\debug\openglrendererapi.obj
d:\c++\cherno\hazel\hazel\x64\debug\openglcontext.obj
d:\c++\cherno\hazel\hazel\x64\debug\model.obj
d:\c++\cherno\hazel\hazel\x64\debug\mesh.obj
d:\c++\cherno\hazel\hazel\x64\debug\light.obj
d:\c++\cherno\hazel\hazel\x64\debug\camera.obj
d:\c++\cherno\hazel\hazel\x64\debug\buffer.obj
d:\c++\cherno\hazel\hazel\x64\debug\aabb.obj
d:\c++\cherno\hazel\hazel\x64\debug\arrow.obj
d:\c++\cherno\hazel\hazel\x64\debug\log.obj
d:\c++\cherno\hazel\hazel\x64\debug\layerstack.obj
d:\c++\cherno\hazel\hazel\x64\debug\layer.obj
d:\c++\cherno\hazel\hazel\x64\debug\imguilayer.obj
d:\c++\cherno\hazel\hazel\x64\debug\imguibuild.obj
d:\c++\cherno\hazel\hazel\x64\debug\controllayer.obj
d:\c++\cherno\hazel\hazel\x64\debug\application.obj
d:\c++\cherno\hazel\hazel\x64\debug\stb_image.obj
d:\c++\cherno\hazel\hazel\x64\debug\windowswindow.obj
d:\c++\cherno\hazel\hazel\x64\debug\windowsinput.obj
d:\c++\cherno\hazel\hazel\x64\debug\objects.obj
d:\c++\cherno\hazel\hazel\x64\debug\belt.obj
d:\c++\cherno\hazel\hazel\x64\debug\instancebufferobjects.obj
d:\c++\cherno\hazel\hazel\x64\debug\hazel.pch
d:\c++\cherno\hazel\hazel\x64\debug\hzpch.obj
d:\c++\cherno\hazel\x64\debug\hazel.lib
d:\c++\cherno\hazel\hazel\..\x64\debug\hazel.lib
d:\c++\cherno\hazel\hazel\x64\debug\hazel.tlog\cl.command.1.tlog
d:\c++\cherno\hazel\hazel\x64\debug\hazel.tlog\cl.read.1.tlog
d:\c++\cherno\hazel\hazel\x64\debug\hazel.tlog\cl.write.1.tlog
d:\c++\cherno\hazel\hazel\x64\debug\hazel.tlog\lib-link.read.1.tlog
d:\c++\cherno\hazel\hazel\x64\debug\hazel.tlog\lib-link.write.1.tlog
d:\c++\cherno\hazel\hazel\x64\debug\hazel.tlog\lib.command.1.tlog
