d:\c++\cherno\hazel\hazel\x64\release\hazel.pch
d:\c++\cherno\hazel\hazel\x64\release\hazel.pdb
d:\c++\cherno\hazel\hazel\x64\release\hzpch.obj
d:\c++\cherno\hazel\hazel\x64\release\openglrendererapi.obj
d:\c++\cherno\hazel\hazel\x64\release\openglcontext.obj
d:\c++\cherno\hazel\hazel\x64\release\model.obj
d:\c++\cherno\hazel\hazel\x64\release\mesh.obj
d:\c++\cherno\hazel\hazel\x64\release\light.obj
d:\c++\cherno\hazel\hazel\x64\release\instancebufferobjects.obj
d:\c++\cherno\hazel\hazel\x64\release\camera.obj
d:\c++\cherno\hazel\hazel\x64\release\buffer.obj
d:\c++\cherno\hazel\hazel\x64\release\aabb.obj
d:\c++\cherno\hazel\hazel\x64\release\controllayer.obj
d:\c++\cherno\hazel\hazel\x64\release\origin.obj
d:\c++\cherno\hazel\hazel\x64\release\animation.obj
d:\c++\cherno\hazel\hazel\x64\release\objects.obj
d:\c++\cherno\hazel\hazel\x64\release\arrow.obj
d:\c++\cherno\hazel\hazel\x64\release\log.obj
d:\c++\cherno\hazel\hazel\x64\release\layerstack.obj
d:\c++\cherno\hazel\hazel\x64\release\layer.obj
d:\c++\cherno\hazel\hazel\x64\release\imguilayer.obj
d:\c++\cherno\hazel\hazel\x64\release\imguibuild.obj
d:\c++\cherno\hazel\hazel\x64\release\application.obj
d:\c++\cherno\hazel\hazel\x64\release\stb_image.obj
d:\c++\cherno\hazel\hazel\x64\release\windowswindow.obj
d:\c++\cherno\hazel\hazel\x64\release\windowsinput.obj
d:\c++\cherno\hazel\hazel\x64\release\texture.obj
d:\c++\cherno\hazel\hazel\x64\release\skybox.obj
d:\c++\cherno\hazel\hazel\x64\release\shader.obj
d:\c++\cherno\hazel\x64\release\hazel.lib
d:\c++\cherno\hazel\hazel\..\x64\release\hazel.lib
d:\c++\cherno\hazel\hazel\x64\release\hazel.tlog\cl.command.1.tlog
d:\c++\cherno\hazel\hazel\x64\release\hazel.tlog\cl.read.1.tlog
d:\c++\cherno\hazel\hazel\x64\release\hazel.tlog\cl.write.1.tlog
d:\c++\cherno\hazel\hazel\x64\release\hazel.tlog\lib-link.read.1.tlog
d:\c++\cherno\hazel\hazel\x64\release\hazel.tlog\lib-link.write.1.tlog
d:\c++\cherno\hazel\hazel\x64\release\hazel.tlog\lib.command.1.tlog
